{"numTotalTestSuites":146,"numPassedTestSuites":142,"numFailedTestSuites":4,"numPendingTestSuites":0,"numTotalTests":231,"numPassedTests":228,"numFailedTests":3,"numPendingTests":0,"numTodoTests":0,"snapshot":{"added":0,"failure":false,"filesAdded":0,"filesRemoved":0,"filesRemovedList":[],"filesUnmatched":0,"filesUpdated":0,"matched":0,"total":0,"unchecked":0,"uncheckedKeysByFile":[],"unmatched":0,"updated":0,"didUpdate":false},"startTime":1781878826288,"success":false,"testResults":[{"assertionResults":[{"ancestorTitles":["Either"],"fullName":"Either should return right result on success","status":"passed","title":"should return right result on success","duration":2.7741690000000006,"failureMessages":[],"meta":{},"tags":[]},{"ancestorTitles":["Either"],"fullName":"Either should return left result on error","status":"passed","title":"should return left result on error","duration":0.7151929999999993,"failureMessages":[],"meta":{},"tags":[]}],"startTime":1781878827418,"endTime":1781878827421.715,"status":"passed","message":"","name":"/home/gabe/Repositorios/Aetherium/apps/api/src/core/either.spec.ts"},{"assertionResults":[{"ancestorTitles":["watched list"],"fullName":"watched list should te able to create a watched list with intial items","status":"passed","title":"should te able to create a watched list with intial items","duration":3.4315320000000042,"failureMessages":[],"meta":{},"tags":[]},{"ancestorTitles":["watched list"],"fullName":"watched list should te able to add a new item to the list","status":"passed","title":"should te able to add a new item to the list","duration":2.4206930000000284,"failureMessages":[],"meta":{},"tags":[]},{"ancestorTitles":["watched list"],"fullName":"watched list should te able to remove items from to the list","status":"passed","title":"should te able to remove items from to the list","duration":0.6542210000000068,"failureMessages":[],"meta":{},"tags":[]},{"ancestorTitles":["watched list"],"fullName":"watched list should te able to add an item even if it was removed before","status":"passed","title":"should te able to add an item even if it was removed before","duration":0.6600179999999796,"failureMessages":[],"meta":{},"tags":[]},{"ancestorTitles":["watched list"],"fullName":"watched list should te able to remove an item even if it was added before","status":"passed","title":"should te able to remove an item even if it was added before","duration":0.7046470000000227,"failureMessages":[],"meta":{},"tags":[]},{"ancestorTitles":["watched list"],"fullName":"watched list should te able to update watched list items","status":"passed","title":"should te able to update watched list items","duration":0.7353779999999688,"failureMessages":[],"meta":{},"tags":[]}],"startTime":1781878830124,"endTime":1781878830132.7354,"status":"passed","message":"","name":"/home/gabe/Repositorios/Aetherium/apps/api/src/core/entities/watched-list.spec.ts"},{"assertionResults":[{"ancestorTitles":["Authenticate User Use Case"],"fullName":"Authenticate User Use Case should be able to authenticate a player user","status":"passed","title":"should be able to authenticate a player user","duration":4.373295999999982,"failureMessages":[],"meta":{},"tags":[]},{"ancestorTitles":["Authenticate User Use Case"],"fullName":"Authenticate User Use Case should be able to authenticate a master user","status":"passed","title":"should be able to authenticate a master user","duration":1.1670779999999468,"failureMessages":[],"meta":{},"tags":[]},{"ancestorTitles":["Authenticate User Use Case"],"fullName":"Authenticate User Use Case should not be able to authenticate with wrong email","status":"passed","title":"should not be able to authenticate with wrong email","duration":0.6461890000000494,"failureMessages":[],"meta":{},"tags":[]},{"ancestorTitles":["Authenticate User Use Case"],"fullName":"Authenticate User Use Case should not be able to authenticate with wrong password","status":"passed","title":"should not be able to authenticate with wrong password","duration":0.5781620000000203,"failureMessages":[],"meta":{},"tags":[]}],"startTime":1781878829399,"endTime":1781878829405.6462,"status":"passed","message":"","name":"/home/gabe/Repositorios/Aetherium/apps/api/src/domain/accounts/application/useCases/authenticate-user.spec.ts"},{"assertionResults":[{"ancestorTitles":["Register User Use Case"],"fullName":"Register User Use Case should be able to register a new user as player by default","status":"passed","title":"should be able to register a new user as player by default","duration":4.5844319999999925,"failureMessages":[],"meta":{},"tags":[]},{"ancestorTitles":["Register User Use Case"],"fullName":"Register User Use Case should be able to register a new user as master when masterConfirm is true","status":"passed","title":"should be able to register a new user as master when masterConfirm is true","duration":0.9729850000001079,"failureMessages":[],"meta":{},"tags":[]},{"ancestorTitles":["Register User Use Case"],"fullName":"Register User Use Case should hash user password upon registration","status":"passed","title":"should hash user password upon registration","duration":0.5046859999999924,"failureMessages":[],"meta":{},"tags":[]},{"ancestorTitles":["Register User Use Case"],"fullName":"Register User Use Case should not be able to register with same email twice","status":"passed","title":"should not be able to register with same email twice","duration":0.7735820000000331,"failureMessages":[],"meta":{},"tags":[]},{"ancestorTitles":["Register User Use Case"],"fullName":"Register User Use Case should store user in repository","status":"passed","title":"should store user in repository","duration":1.4310159999999996,"failureMessages":[],"meta":{},"tags":[]},{"ancestorTitles":["Register User Use Case"],"fullName":"Register User Use Case should be able to register multiple users with different emails","status":"passed","title":"should be able to register multiple users with different emails","duration":0.5485480000000962,"failureMessages":[],"meta":{},"tags":[]}],"startTime":1781878828665,"endTime":1781878828673.5486,"status":"passed","message":"","name":"/home/gabe/Repositorios/Aetherium/apps/api/src/domain/accounts/application/useCases/register-user.spec.ts"},{"assertionResults":[{"ancestorTitles":["Acquire Benefit"],"fullName":"Acquire Benefit should be able to acquire a benefit","status":"passed","title":"should be able to acquire a benefit","duration":9.775731999999948,"failureMessages":[],"meta":{},"tags":[]}],"startTime":1781878829480,"endTime":1781878829489.7756,"status":"passed","message":"","name":"/home/gabe/Repositorios/Aetherium/apps/api/src/domain/character-manager/application/use-cases/acquire-benefit.spec.ts"},{"assertionResults":[{"ancestorTitles":["Acquire Domain Mastery"],"fullName":"Acquire Domain Mastery should be able to acquire domain mastery","status":"passed","title":"should be able to acquire domain mastery","duration":7.471187999999984,"failureMessages":[],"meta":{},"tags":[]},{"ancestorTitles":["Acquire Domain Mastery"],"fullName":"Acquire Domain Mastery should not be able to acquire mastery for a non-existing domain","status":"passed","title":"should not be able to acquire mastery for a non-existing domain","duration":1.1403290000000652,"failureMessages":[],"meta":{},"tags":[]},{"ancestorTitles":["Acquire Domain Mastery"],"fullName":"Acquire Domain Mastery should not be able to acquire mastery for a spiritual domain without spiritual awakening","status":"passed","title":"should not be able to acquire mastery for a spiritual domain without spiritual awakening","duration":0.7792389999999614,"failureMessages":[],"meta":{},"tags":[]}],"startTime":1781878829948,"endTime":1781878829957.7793,"status":"passed","message":"","name":"/home/gabe/Repositorios/Aetherium/apps/api/src/domain/character-manager/application/use-cases/acquire-domain-mastery.spec.ts"},{"assertionResults":[{"ancestorTitles":["Acquire Power Array"],"fullName":"Acquire Power Array should be able to acquire a power array","status":"passed","title":"should be able to acquire a power array","duration":7.398341999999957,"failureMessages":[],"meta":{},"tags":[]}],"startTime":1781878827312,"endTime":1781878827319.3984,"status":"passed","message":"","name":"/home/gabe/Repositorios/Aetherium/apps/api/src/domain/character-manager/application/use-cases/acquire-power-array.spec.ts"},{"assertionResults":[{"ancestorTitles":["Acquire Power"],"fullName":"Acquire Power should be able to acquire a power","status":"passed","title":"should be able to acquire a power","duration":8.032586999999921,"failureMessages":[],"meta":{},"tags":[]}],"startTime":1781878830193,"endTime":1781878830201.0325,"status":"passed","message":"","name":"/home/gabe/Repositorios/Aetherium/apps/api/src/domain/character-manager/application/use-cases/acquire-power.spec.ts"},{"assertionResults":[{"ancestorTitles":["Add Item To Inventory"],"fullName":"Add Item To Inventory should be able to add an item to the inventory","status":"passed","title":"should be able to add an item to the inventory","duration":13.461281999999983,"failureMessages":[],"meta":{},"tags":[]},{"ancestorTitles":["Add Item To Inventory"],"fullName":"Add Item To Inventory should not be able to add a non-existing item","status":"passed","title":"should not be able to add a non-existing item","duration":1.25019199999997,"failureMessages":[],"meta":{},"tags":[]},{"ancestorTitles":["Add Item To Inventory"],"fullName":"Add Item To Inventory should not be able to add an item to another user character","status":"passed","title":"should not be able to add an item to another user character","duration":0.8657050000000481,"failureMessages":[],"meta":{},"tags":[]}],"startTime":1781878828495,"endTime":1781878828510.8657,"status":"passed","message":"","name":"/home/gabe/Repositorios/Aetherium/apps/api/src/domain/character-manager/application/use-cases/add-item-to-inventory.spec.ts"},{"assertionResults":[{"ancestorTitles":["Add Runics"],"fullName":"Add Runics should be able to add runics to a character","status":"passed","title":"should be able to add runics to a character","duration":3.4905489999999872,"failureMessages":[],"meta":{},"tags":[]}],"startTime":1781878831093,"endTime":1781878831096.4905,"status":"passed","message":"","name":"/home/gabe/Repositorios/Aetherium/apps/api/src/domain/character-manager/application/use-cases/add-runics.spec.ts"},{"assertionResults":[{"ancestorTitles":["Apply Condition"],"fullName":"Apply Condition should be able to apply a condition to a character","status":"passed","title":"should be able to apply a condition to a character","duration":6.411387999999988,"failureMessages":[],"meta":{},"tags":[]}],"startTime":1781878828783,"endTime":1781878828789.4114,"status":"passed","message":"","name":"/home/gabe/Repositorios/Aetherium/apps/api/src/domain/character-manager/application/use-cases/apply-condition.spec.ts"},{"assertionResults":[{"ancestorTitles":["Consume Energy"],"fullName":"Consume Energy should be able to consume energy","status":"passed","title":"should be able to consume energy","duration":6.856428999999935,"failureMessages":[],"meta":{},"tags":[]}],"startTime":1781878830677,"endTime":1781878830683.8564,"status":"passed","message":"","name":"/home/gabe/Repositorios/Aetherium/apps/api/src/domain/character-manager/application/use-cases/consume-energy.spec.ts"},{"assertionResults":[{"ancestorTitles":["Create Character"],"fullName":"Create Character should be able to create a character","status":"passed","title":"should be able to create a character","duration":7.486902999999984,"failureMessages":[],"meta":{},"tags":[]},{"ancestorTitles":["Create Character"],"fullName":"Create Character should not be able to create a character with invalid narrative (less than 2 entries)","status":"passed","title":"should not be able to create a character with invalid narrative (less than 2 entries)","duration":1.590957000000003,"failureMessages":[],"meta":{},"tags":[]}],"startTime":1781878829521,"endTime":1781878829529.591,"status":"passed","message":"","name":"/home/gabe/Repositorios/Aetherium/apps/api/src/domain/character-manager/application/use-cases/create-character.spec.ts"},{"assertionResults":[{"ancestorTitles":["Delete Character"],"fullName":"Delete Character should be able to delete a character","status":"passed","title":"should be able to delete a character","duration":6.02236199999993,"failureMessages":[],"meta":{},"tags":[]},{"ancestorTitles":["Delete Character"],"fullName":"Delete Character should not be able to delete a character from another user","status":"passed","title":"should not be able to delete a character from another user","duration":0.9524509999999964,"failureMessages":[],"meta":{},"tags":[]},{"ancestorTitles":["Delete Character"],"fullName":"Delete Character should not be able to delete a non-existing character","status":"passed","title":"should not be able to delete a non-existing character","duration":0.41752199999996265,"failureMessages":[],"meta":{},"tags":[]}],"startTime":1781878828085,"endTime":1781878828092.4175,"status":"passed","message":"","name":"/home/gabe/Repositorios/Aetherium/apps/api/src/domain/character-manager/application/use-cases/delete-character.spec.ts"},{"assertionResults":[{"ancestorTitles":["Delete Power Array From Character"],"fullName":"Delete Power Array From Character should be able to delete a power array from a character","status":"passed","title":"should be able to delete a power array from a character","duration":11.963009000000056,"failureMessages":[],"meta":{},"tags":[]},{"ancestorTitles":["Delete Power Array From Character"],"fullName":"Delete Power Array From Character should unequip power array before deleting if it is equipped","status":"passed","title":"should unequip power array before deleting if it is equipped","duration":1.3695529999999962,"failureMessages":[],"meta":{},"tags":[]},{"ancestorTitles":["Delete Power Array From Character"],"fullName":"Delete Power Array From Character should not be able to delete a power array from another user character","status":"passed","title":"should not be able to delete a power array from another user character","duration":0.9474920000000111,"failureMessages":[],"meta":{},"tags":[]}],"startTime":1781878827318,"endTime":1781878827331.9475,"status":"passed","message":"","name":"/home/gabe/Repositorios/Aetherium/apps/api/src/domain/character-manager/application/use-cases/delete-power-array-from-character.spec.ts"},{"assertionResults":[{"ancestorTitles":["Delete Power From Character"],"fullName":"Delete Power From Character should be able to delete a power from a character","status":"passed","title":"should be able to delete a power from a character","duration":6.053652000000056,"failureMessages":[],"meta":{},"tags":[]},{"ancestorTitles":["Delete Power From Character"],"fullName":"Delete Power From Character should unequip power before deleting if it is equipped","status":"passed","title":"should unequip power before deleting if it is equipped","duration":1.2631830000000264,"failureMessages":[],"meta":{},"tags":[]},{"ancestorTitles":["Delete Power From Character"],"fullName":"Delete Power From Character should not be able to delete a power from another user character","status":"passed","title":"should not be able to delete a power from another user character","duration":0.8361620000000585,"failureMessages":[],"meta":{},"tags":[]}],"startTime":1781878827347,"endTime":1781878827354.8362,"status":"passed","message":"","name":"/home/gabe/Repositorios/Aetherium/apps/api/src/domain/character-manager/application/use-cases/delete-power-from-character.spec.ts"},{"assertionResults":[{"ancestorTitles":["Equip Item"],"fullName":"Equip Item should be able to equip an item from inventory to a slot","status":"passed","title":"should be able to equip an item from inventory to a slot","duration":7.398969999999963,"failureMessages":[],"meta":{},"tags":[]},{"ancestorTitles":["Equip Item"],"fullName":"Equip Item should not be able to equip an item not in inventory","status":"passed","title":"should not be able to equip an item not in inventory","duration":1.1180489999999281,"failureMessages":[],"meta":{},"tags":[]}],"startTime":1781878827853,"endTime":1781878827862.1182,"status":"passed","message":"","name":"/home/gabe/Repositorios/Aetherium/apps/api/src/domain/character-manager/application/use-cases/equip-item.spec.ts"},{"assertionResults":[{"ancestorTitles":["Equip Power Array"],"fullName":"Equip Power Array should be able to equip a power array","status":"passed","title":"should be able to equip a power array","duration":5.788247999999953,"failureMessages":[],"meta":{},"tags":[]}],"startTime":1781878827797,"endTime":1781878827802.7883,"status":"passed","message":"","name":"/home/gabe/Repositorios/Aetherium/apps/api/src/domain/character-manager/application/use-cases/equip-power-array.spec.ts"},{"assertionResults":[{"ancestorTitles":["Equip Power"],"fullName":"Equip Power should be able to equip a power","status":"passed","title":"should be able to equip a power","duration":5.627470000000017,"failureMessages":[],"meta":{},"tags":[]}],"startTime":1781878827347,"endTime":1781878827352.6274,"status":"passed","message":"","name":"/home/gabe/Repositorios/Aetherium/apps/api/src/domain/character-manager/application/use-cases/equip-power.spec.ts"},{"assertionResults":[{"ancestorTitles":["Evolve Spiritual Principle"],"fullName":"Evolve Spiritual Principle should be able to evolve spiritual principle to divine stage","status":"passed","title":"should be able to evolve spiritual principle to divine stage","duration":6.4734789999999975,"failureMessages":[],"meta":{},"tags":[]},{"ancestorTitles":["Evolve Spiritual Principle"],"fullName":"Evolve Spiritual Principle should not be able to evolve if level is below 35","status":"passed","title":"should not be able to evolve if level is below 35","duration":1.0070680000000038,"failureMessages":[],"meta":{},"tags":[]},{"ancestorTitles":["Evolve Spiritual Principle"],"fullName":"Evolve Spiritual Principle should not be able to evolve if it is not unlocked yet","status":"passed","title":"should not be able to evolve if it is not unlocked yet","duration":0.9023029999999608,"failureMessages":[],"meta":{},"tags":[]},{"ancestorTitles":["Evolve Spiritual Principle"],"fullName":"Evolve Spiritual Principle should not be able to evolve if already divine","status":"passed","title":"should not be able to evolve if already divine","duration":0.8450320000000602,"failureMessages":[],"meta":{},"tags":[]}],"startTime":1781878827912,"endTime":1781878827921.845,"status":"passed","message":"","name":"/home/gabe/Repositorios/Aetherium/apps/api/src/domain/character-manager/application/use-cases/evolve-spiritual-principle.spec.ts"},{"assertionResults":[{"ancestorTitles":["Fetch User Characters"],"fullName":"Fetch User Characters should be able to fetch user characters","status":"passed","title":"should be able to fetch user characters","duration":13.483981000000085,"failureMessages":[],"meta":{},"tags":[]},{"ancestorTitles":["Fetch User Characters"],"fullName":"Fetch User Characters should return an empty array if user has no characters","status":"passed","title":"should return an empty array if user has no characters","duration":0.7967710000000352,"failureMessages":[],"meta":{},"tags":[]}],"startTime":1781878829816,"endTime":1781878829830.7969,"status":"passed","message":"","name":"/home/gabe/Repositorios/Aetherium/apps/api/src/domain/character-manager/application/use-cases/fetch-user-characters.spec.ts"},{"assertionResults":[{"ancestorTitles":["Get Character By Id"],"fullName":"Get Character By Id should be able to get a character by id","status":"passed","title":"should be able to get a character by id","duration":5.250107000000014,"failureMessages":[],"meta":{},"tags":[]},{"ancestorTitles":["Get Character By Id"],"fullName":"Get Character By Id should not be able to get a non-existing character","status":"passed","title":"should not be able to get a non-existing character","duration":0.8628420000000006,"failureMessages":[],"meta":{},"tags":[]}],"startTime":1781878831080,"endTime":1781878831085.8628,"status":"passed","message":"","name":"/home/gabe/Repositorios/Aetherium/apps/api/src/domain/character-manager/application/use-cases/get-character-by-id.spec.ts"},{"assertionResults":[{"ancestorTitles":["Heal Character"],"fullName":"Heal Character should be able to heal a character","status":"passed","title":"should be able to heal a character","duration":6.482628999999974,"failureMessages":[],"meta":{},"tags":[]},{"ancestorTitles":["Heal Character"],"fullName":"Heal Character should stabilize character if healed above 0 PV","status":"passed","title":"should stabilize character if healed above 0 PV","duration":1.235384999999951,"failureMessages":[],"meta":{},"tags":[]}],"startTime":1781878830717,"endTime":1781878830725.2354,"status":"passed","message":"","name":"/home/gabe/Repositorios/Aetherium/apps/api/src/domain/character-manager/application/use-cases/heal-character.spec.ts"},{"assertionResults":[{"ancestorTitles":["Level Up Character"],"fullName":"Level Up Character should be able to level up a character","status":"passed","title":"should be able to level up a character","duration":6.233149000000026,"failureMessages":[],"meta":{},"tags":[]},{"ancestorTitles":["Level Up Character"],"fullName":"Level Up Character should not be able to level up a character from another user","status":"passed","title":"should not be able to level up a character from another user","duration":1.2081459999999424,"failureMessages":[],"meta":{},"tags":[]}],"startTime":1781878829959,"endTime":1781878829966.2083,"status":"passed","message":"","name":"/home/gabe/Repositorios/Aetherium/apps/api/src/domain/character-manager/application/use-cases/level-up-character.spec.ts"},{"assertionResults":[{"ancestorTitles":["Recover Energy"],"fullName":"Recover Energy should be able to recover energy","status":"passed","title":"should be able to recover energy","duration":3.3495360000000005,"failureMessages":[],"meta":{},"tags":[]}],"startTime":1781878831148,"endTime":1781878831151.3496,"status":"passed","message":"","name":"/home/gabe/Repositorios/Aetherium/apps/api/src/domain/character-manager/application/use-cases/recover-energy.spec.ts"},{"assertionResults":[{"ancestorTitles":["Remove Condition"],"fullName":"Remove Condition should be able to remove a condition from a character","status":"passed","title":"should be able to remove a condition from a character","duration":6.6879670000000715,"failureMessages":[],"meta":{},"tags":[]}],"startTime":1781878830603,"endTime":1781878830609.688,"status":"passed","message":"","name":"/home/gabe/Repositorios/Aetherium/apps/api/src/domain/character-manager/application/use-cases/remove-condition.spec.ts"},{"assertionResults":[{"ancestorTitles":["Remove From Inventory"],"fullName":"Remove From Inventory should be able to remove an item from the inventory","status":"passed","title":"should be able to remove an item from the inventory","duration":6.739930999999956,"failureMessages":[],"meta":{},"tags":[]}],"startTime":1781878828508,"endTime":1781878828514.74,"status":"passed","message":"","name":"/home/gabe/Repositorios/Aetherium/apps/api/src/domain/character-manager/application/use-cases/remove-from-inventory.spec.ts"},{"assertionResults":[{"ancestorTitles":["Rest"],"fullName":"Rest should be able to recover PV and PE after a normal rest","status":"passed","title":"should be able to recover PV and PE after a normal rest","duration":8.259157999999957,"failureMessages":[],"meta":{},"tags":[]},{"ancestorTitles":["Rest"],"fullName":"Rest should lose PV and PE if injured and resting in bad conditions","status":"passed","title":"should lose PV and PE if injured and resting in bad conditions","duration":1.3317690000000084,"failureMessages":[],"meta":{},"tags":[]}],"startTime":1781878829349,"endTime":1781878829358.3318,"status":"passed","message":"","name":"/home/gabe/Repositorios/Aetherium/apps/api/src/domain/character-manager/application/use-cases/rest.spec.ts"},{"assertionResults":[{"ancestorTitles":["Spend Runics"],"fullName":"Spend Runics should be able to spend runics from a character","status":"passed","title":"should be able to spend runics from a character","duration":5.222030000000018,"failureMessages":[],"meta":{},"tags":[]},{"ancestorTitles":["Spend Runics"],"fullName":"Spend Runics should fail if character does not have enough runics","status":"passed","title":"should fail if character does not have enough runics","duration":0.8788359999999784,"failureMessages":[],"meta":{},"tags":[]}],"startTime":1781878828655,"endTime":1781878828660.879,"status":"passed","message":"","name":"/home/gabe/Repositorios/Aetherium/apps/api/src/domain/character-manager/application/use-cases/spend-runics.spec.ts"},{"assertionResults":[{"ancestorTitles":["Sync Character"],"fullName":"Sync Character should be able to sync character free text properties","status":"passed","title":"should be able to sync character free text properties","duration":6.370251000000053,"failureMessages":[],"meta":{},"tags":[]},{"ancestorTitles":["Sync Character"],"fullName":"Sync Character should be able to sync only specific properties","status":"passed","title":"should be able to sync only specific properties","duration":1.0127949999999828,"failureMessages":[],"meta":{},"tags":[]},{"ancestorTitles":["Sync Character"],"fullName":"Sync Character should be able to sync health and energy changes","status":"passed","title":"should be able to sync health and energy changes","duration":1.5530320000000302,"failureMessages":[],"meta":{},"tags":[]},{"ancestorTitles":["Sync Character"],"fullName":"Sync Character should be able to sync attributes","status":"failed","title":"should be able to sync attributes","duration":14.08274700000004,"failureMessages":["AssertionError: expected 5 to be 4 // Object.is equality\n    at /home/gabe/Repositorios/Aetherium/apps/api/src/domain/character-manager/application/use-cases/sync-character.spec.ts:103:71\n    at processTicksAndRejections (node:internal/process/task_queues:105:5)\n    at file:///home/gabe/Repositorios/Aetherium/node_modules/.pnpm/@vitest+runner@4.1.9/node_modules/@vitest/runner/dist/chunk-artifact.js:1903:20"],"meta":{},"tags":[]},{"ancestorTitles":["Sync Character"],"fullName":"Sync Character should not be able to sync attributes if they exceed the limit","status":"passed","title":"should not be able to sync attributes if they exceed the limit","duration":1.1556940000000395,"failureMessages":[],"meta":{},"tags":[]},{"ancestorTitles":["Sync Character"],"fullName":"Sync Character should be able to sync skills","status":"passed","title":"should be able to sync skills","duration":0.9059349999999995,"failureMessages":[],"meta":{},"tags":[]},{"ancestorTitles":["Sync Character"],"fullName":"Sync Character should be able to sync conditions","status":"passed","title":"should be able to sync conditions","duration":1.445402999999942,"failureMessages":[],"meta":{},"tags":[]}],"startTime":1781878827313,"endTime":1781878827340.4453,"status":"failed","message":"","name":"/home/gabe/Repositorios/Aetherium/apps/api/src/domain/character-manager/application/use-cases/sync-character.spec.ts"},{"assertionResults":[{"ancestorTitles":["Take Damage"],"fullName":"Take Damage should be able to take damage and fall unconscious if PV <= 0","status":"passed","title":"should be able to take damage and fall unconscious if PV <= 0","duration":6.957561000000055,"failureMessages":[],"meta":{},"tags":[]}],"startTime":1781878830829,"endTime":1781878830835.9575,"status":"passed","message":"","name":"/home/gabe/Repositorios/Aetherium/apps/api/src/domain/character-manager/application/use-cases/take-damage.spec.ts"},{"assertionResults":[{"ancestorTitles":["Tick Death Counter"],"fullName":"Tick Death Counter should increase death counter when character is dying","status":"passed","title":"should increase death counter when character is dying","duration":6.038006999999993,"failureMessages":[],"meta":{},"tags":[]},{"ancestorTitles":["Tick Death Counter"],"fullName":"Tick Death Counter should change state to DEAD and emit domain event if counter reaches 3","status":"passed","title":"should change state to DEAD and emit domain event if counter reaches 3","duration":1.0240400000000136,"failureMessages":[],"meta":{},"tags":[]}],"startTime":1781878829346,"endTime":1781878829353.024,"status":"passed","message":"","name":"/home/gabe/Repositorios/Aetherium/apps/api/src/domain/character-manager/application/use-cases/tick-death-counter.spec.ts"},{"assertionResults":[{"ancestorTitles":["Unequip Item"],"fullName":"Unequip Item should be able to unequip an item and return it to inventory","status":"passed","title":"should be able to unequip an item and return it to inventory","duration":6.615958999999975,"failureMessages":[],"meta":{},"tags":[]},{"ancestorTitles":["Unequip Item"],"fullName":"Unequip Item should be able to unequip a suit and return it to inventory","status":"passed","title":"should be able to unequip a suit and return it to inventory","duration":1.2120569999999589,"failureMessages":[],"meta":{},"tags":[]}],"startTime":1781878828959,"endTime":1781878828967.2122,"status":"passed","message":"","name":"/home/gabe/Repositorios/Aetherium/apps/api/src/domain/character-manager/application/use-cases/unequip-item.spec.ts"},{"assertionResults":[{"ancestorTitles":["Unequip Power Array"],"fullName":"Unequip Power Array should be able to unequip a power array","status":"passed","title":"should be able to unequip a power array","duration":4.896211999999991,"failureMessages":[],"meta":{},"tags":[]}],"startTime":1781878830138,"endTime":1781878830142.8962,"status":"passed","message":"","name":"/home/gabe/Repositorios/Aetherium/apps/api/src/domain/character-manager/application/use-cases/unequip-power-array.spec.ts"},{"assertionResults":[{"ancestorTitles":["Unequip Power"],"fullName":"Unequip Power should be able to unequip a power","status":"passed","title":"should be able to unequip a power","duration":6.338052999999945,"failureMessages":[],"meta":{},"tags":[]}],"startTime":1781878830677,"endTime":1781878830683.3381,"status":"passed","message":"","name":"/home/gabe/Repositorios/Aetherium/apps/api/src/domain/character-manager/application/use-cases/unequip-power.spec.ts"},{"assertionResults":[{"ancestorTitles":["Unlock Spiritual Principle"],"fullName":"Unlock Spiritual Principle should be able to unlock spiritual principle for a character without powers","status":"passed","title":"should be able to unlock spiritual principle for a character without powers","duration":6.937097999999992,"failureMessages":[],"meta":{},"tags":[]},{"ancestorTitles":["Unlock Spiritual Principle"],"fullName":"Unlock Spiritual Principle should not be able to unlock an already unlocked spiritual principle","status":"passed","title":"should not be able to unlock an already unlocked spiritual principle","duration":1.1199339999999438,"failureMessages":[],"meta":{},"tags":[]},{"ancestorTitles":["Unlock Spiritual Principle"],"fullName":"Unlock Spiritual Principle should fail if character does not have enough PdA to pay for the unlock","status":"passed","title":"should fail if character does not have enough PdA to pay for the unlock","duration":0.8061290000000554,"failureMessages":[],"meta":{},"tags":[]}],"startTime":1781878829643,"endTime":1781878829652.8062,"status":"passed","message":"","name":"/home/gabe/Repositorios/Aetherium/apps/api/src/domain/character-manager/application/use-cases/unlock-spiritual-principle.spec.ts"},{"assertionResults":[{"ancestorTitles":["Update Character Attributes"],"fullName":"Update Character Attributes should be able to update character attributes and recalculate derived stats","status":"passed","title":"should be able to update character attributes and recalculate derived stats","duration":6.333793000000014,"failureMessages":[],"meta":{},"tags":[]}],"startTime":1781878829204,"endTime":1781878829210.3337,"status":"passed","message":"","name":"/home/gabe/Repositorios/Aetherium/apps/api/src/domain/character-manager/application/use-cases/update-character-attributes.spec.ts"},{"assertionResults":[{"ancestorTitles":["Update Character Skills"],"fullName":"Update Character Skills should be able to update character skill proficiency and training bonus","status":"passed","title":"should be able to update character skill proficiency and training bonus","duration":5.6278879999999845,"failureMessages":[],"meta":{},"tags":[]}],"startTime":1781878830956,"endTime":1781878830961.628,"status":"passed","message":"","name":"/home/gabe/Repositorios/Aetherium/apps/api/src/domain/character-manager/application/use-cases/update-character-skills.spec.ts"},{"assertionResults":[{"ancestorTitles":["Upgrade Item"],"fullName":"Upgrade Item should be able to upgrade an item","status":"passed","title":"should be able to upgrade an item","duration":6.660030000000006,"failureMessages":[],"meta":{},"tags":[]},{"ancestorTitles":["Upgrade Item"],"fullName":"Upgrade Item should not be able to upgrade an item if max level is reached","status":"passed","title":"should not be able to upgrade an item if max level is reached","duration":1.3271590000000515,"failureMessages":[],"meta":{},"tags":[]},{"ancestorTitles":["Upgrade Item"],"fullName":"Upgrade Item should not be able to upgrade if material tier is too low","status":"passed","title":"should not be able to upgrade if material tier is too low","duration":0.8348349999999982,"failureMessages":[],"meta":{},"tags":[]},{"ancestorTitles":["Upgrade Item"],"fullName":"Upgrade Item should not be able to upgrade without enough runics","status":"passed","title":"should not be able to upgrade without enough runics","duration":1.023341000000073,"failureMessages":[],"meta":{},"tags":[]}],"startTime":1781878828779,"endTime":1781878828789.0234,"status":"passed","message":"","name":"/home/gabe/Repositorios/Aetherium/apps/api/src/domain/character-manager/application/use-cases/upgrade-item.spec.ts"},{"assertionResults":[{"ancestorTitles":["CopyPublicItemUseCase"],"fullName":"CopyPublicItemUseCase should copy a public user item","status":"passed","title":"should copy a public user item","duration":5.60658699999999,"failureMessages":[],"meta":{},"tags":[]},{"ancestorTitles":["CopyPublicItemUseCase"],"fullName":"CopyPublicItemUseCase should copy an official item","status":"passed","title":"should copy an official item","duration":1.1568109999999479,"failureMessages":[],"meta":{},"tags":[]},{"ancestorTitles":["CopyPublicItemUseCase"],"fullName":"CopyPublicItemUseCase should return ResourceNotFoundError if item does not exist","status":"passed","title":"should return ResourceNotFoundError if item does not exist","duration":2.0036589999999705,"failureMessages":[],"meta":{},"tags":[]},{"ancestorTitles":["CopyPublicItemUseCase"],"fullName":"CopyPublicItemUseCase should return NotAllowedError if item is private and not official","status":"passed","title":"should return NotAllowedError if item is private and not official","duration":0.6983609999999771,"failureMessages":[],"meta":{},"tags":[]}],"startTime":1781878828038,"endTime":1781878828047.6982,"status":"passed","message":"","name":"/home/gabe/Repositorios/Aetherium/apps/api/src/domain/item-manager/application/use-cases/copy-public-item.spec.ts"},{"assertionResults":[{"ancestorTitles":["CreateItemUseCase"],"fullName":"CreateItemUseCase should create a weapon","status":"passed","title":"should create a weapon","duration":15.256880000000024,"failureMessages":[],"meta":{},"tags":[]},{"ancestorTitles":["CreateItemUseCase"],"fullName":"CreateItemUseCase should create a weapon with multiple damage types","status":"passed","title":"should create a weapon with multiple damage types","duration":4.53477399999997,"failureMessages":[],"meta":{},"tags":[]},{"ancestorTitles":["CreateItemUseCase"],"fullName":"CreateItemUseCase should create an official weapon without userId","status":"passed","title":"should create an official weapon without userId","duration":3.0421569999999747,"failureMessages":[],"meta":{},"tags":[]},{"ancestorTitles":["CreateItemUseCase"],"fullName":"CreateItemUseCase should create a consumable refeição with SpoilageState","status":"passed","title":"should create a consumable refeição with SpoilageState","duration":0.8585809999999583,"failureMessages":[],"meta":{},"tags":[]},{"ancestorTitles":["CreateItemUseCase"],"fullName":"CreateItemUseCase should create an artifact","status":"passed","title":"should create an artifact","duration":0.7615690000000086,"failureMessages":[],"meta":{},"tags":[]},{"ancestorTitles":["CreateItemUseCase"],"fullName":"CreateItemUseCase should create a defensive equipment","status":"passed","title":"should create a defensive equipment","duration":0.7955830000000788,"failureMessages":[],"meta":{},"tags":[]},{"ancestorTitles":["CreateItemUseCase"],"fullName":"CreateItemUseCase should create an accessory","status":"passed","title":"should create an accessory","duration":4.248906000000034,"failureMessages":[],"meta":{},"tags":[]},{"ancestorTitles":["CreateItemUseCase"],"fullName":"CreateItemUseCase should associate powers with matching domain","status":"passed","title":"should associate powers with matching domain","duration":1.1093190000000277,"failureMessages":[],"meta":{},"tags":[]},{"ancestorTitles":["CreateItemUseCase"],"fullName":"CreateItemUseCase should return InvalidItemDomainError if power domain does not match item domain","status":"passed","title":"should return InvalidItemDomainError if power domain does not match item domain","duration":1.2497730000000047,"failureMessages":[],"meta":{},"tags":[]},{"ancestorTitles":["CreateItemUseCase"],"fullName":"CreateItemUseCase should return ResourceNotFoundError if power does not exist","status":"passed","title":"should return ResourceNotFoundError if power does not exist","duration":1.187193000000093,"failureMessages":[],"meta":{},"tags":[]},{"ancestorTitles":["CreateItemUseCase"],"fullName":"CreateItemUseCase should calculate item level from linked powers and power arrays","status":"passed","title":"should calculate item level from linked powers and power arrays","duration":2.487463000000048,"failureMessages":[],"meta":{},"tags":[]},{"ancestorTitles":["CreateItemUseCase"],"fullName":"CreateItemUseCase should default item level to 1 when there are no linked powers","status":"passed","title":"should default item level to 1 when there are no linked powers","duration":0.5130680000000893,"failureMessages":[],"meta":{},"tags":[]},{"ancestorTitles":["CreateItemUseCase"],"fullName":"CreateItemUseCase should create a natural weapon with extra reach in meters","status":"passed","title":"should create a natural weapon with extra reach in meters","duration":0.6947989999999891,"failureMessages":[],"meta":{},"tags":[]}],"startTime":1781878828239,"endTime":1781878828276.6948,"status":"passed","message":"","name":"/home/gabe/Repositorios/Aetherium/apps/api/src/domain/item-manager/application/use-cases/create-item.spec.ts"},{"assertionResults":[{"ancestorTitles":["DeleteItemUseCase"],"fullName":"DeleteItemUseCase should delete an item owned by the user","status":"passed","title":"should delete an item owned by the user","duration":8.639035000000035,"failureMessages":[],"meta":{},"tags":[]},{"ancestorTitles":["DeleteItemUseCase"],"fullName":"DeleteItemUseCase should return ResourceNotFoundError if item does not exist","status":"passed","title":"should return ResourceNotFoundError if item does not exist","duration":0.9774539999999661,"failureMessages":[],"meta":{},"tags":[]},{"ancestorTitles":["DeleteItemUseCase"],"fullName":"DeleteItemUseCase should return NotAllowedError if user does not own the item","status":"passed","title":"should return NotAllowedError if user does not own the item","duration":3.7701319999999896,"failureMessages":[],"meta":{},"tags":[]},{"ancestorTitles":["DeleteItemUseCase"],"fullName":"DeleteItemUseCase should not delete official items","status":"passed","title":"should not delete official items","duration":0.9267490000000862,"failureMessages":[],"meta":{},"tags":[]},{"ancestorTitles":["DeleteItemUseCase"],"fullName":"DeleteItemUseCase should not affect other items when deleting","status":"passed","title":"should not affect other items when deleting","duration":1.0187310000000025,"failureMessages":[],"meta":{},"tags":[]}],"startTime":1781878830310,"endTime":1781878830325.0188,"status":"passed","message":"","name":"/home/gabe/Repositorios/Aetherium/apps/api/src/domain/item-manager/application/use-cases/delete-item.spec.ts"},{"assertionResults":[{"ancestorTitles":["Fetch Character Items"],"fullName":"Fetch Character Items should be able to fetch items for a specific character","status":"passed","title":"should be able to fetch items for a specific character","duration":7.200406000000044,"failureMessages":[],"meta":{},"tags":[]}],"startTime":1781878830060,"endTime":1781878830067.2004,"status":"passed","message":"","name":"/home/gabe/Repositorios/Aetherium/apps/api/src/domain/item-manager/application/use-cases/fetch-character-items.spec.ts"},{"assertionResults":[{"ancestorTitles":["FetchPublicItemsUseCase"],"fullName":"FetchPublicItemsUseCase should return official and public user items","status":"passed","title":"should return official and public user items","duration":5.37652300000002,"failureMessages":[],"meta":{},"tags":[]},{"ancestorTitles":["FetchPublicItemsUseCase"],"fullName":"FetchPublicItemsUseCase should filter public items by type","status":"passed","title":"should filter public items by type","duration":1.121330999999941,"failureMessages":[],"meta":{},"tags":[]}],"startTime":1781878829430,"endTime":1781878829437.1213,"status":"passed","message":"","name":"/home/gabe/Repositorios/Aetherium/apps/api/src/domain/item-manager/application/use-cases/fetch-public-items.spec.ts"},{"assertionResults":[{"ancestorTitles":["FetchUserItemsUseCase"],"fullName":"FetchUserItemsUseCase should fetch items belonging to a user","status":"passed","title":"should fetch items belonging to a user","duration":4.079187999999931,"failureMessages":[],"meta":{},"tags":[]},{"ancestorTitles":["FetchUserItemsUseCase"],"fullName":"FetchUserItemsUseCase should filter by item type","status":"passed","title":"should filter by item type","duration":0.8518760000000611,"failureMessages":[],"meta":{},"tags":[]},{"ancestorTitles":["FetchUserItemsUseCase"],"fullName":"FetchUserItemsUseCase should return empty list when user has no items","status":"passed","title":"should return empty list when user has no items","duration":0.4279279999999517,"failureMessages":[],"meta":{},"tags":[]}],"startTime":1781878827198,"endTime":1781878827203.8518,"status":"passed","message":"","name":"/home/gabe/Repositorios/Aetherium/apps/api/src/domain/item-manager/application/use-cases/fetch-user-items.spec.ts"},{"assertionResults":[{"ancestorTitles":["GetItemByIdUseCase"],"fullName":"GetItemByIdUseCase should return an item by id","status":"passed","title":"should return an item by id","duration":4.093085999999971,"failureMessages":[],"meta":{},"tags":[]},{"ancestorTitles":["GetItemByIdUseCase"],"fullName":"GetItemByIdUseCase should return ResourceNotFoundError if item does not exist","status":"passed","title":"should return ResourceNotFoundError if item does not exist","duration":0.8656349999999975,"failureMessages":[],"meta":{},"tags":[]}],"startTime":1781878831049,"endTime":1781878831053.8657,"status":"passed","message":"","name":"/home/gabe/Repositorios/Aetherium/apps/api/src/domain/item-manager/application/use-cases/get-item-by-id.spec.ts"},{"assertionResults":[{"ancestorTitles":["UpdateItemUseCase"],"fullName":"UpdateItemUseCase should update a weapon nome","status":"passed","title":"should update a weapon nome","duration":12.220939000000044,"failureMessages":[],"meta":{},"tags":[]},{"ancestorTitles":["UpdateItemUseCase"],"fullName":"UpdateItemUseCase should make item public on update","status":"passed","title":"should make item public on update","duration":0.9848580000000311,"failureMessages":[],"meta":{},"tags":[]},{"ancestorTitles":["UpdateItemUseCase"],"fullName":"UpdateItemUseCase should return ResourceNotFoundError if item does not exist","status":"passed","title":"should return ResourceNotFoundError if item does not exist","duration":0.9224179999999933,"failureMessages":[],"meta":{},"tags":[]},{"ancestorTitles":["UpdateItemUseCase"],"fullName":"UpdateItemUseCase should return NotAllowedError if user does not own the item","status":"passed","title":"should return NotAllowedError if user does not own the item","duration":5.756819000000064,"failureMessages":[],"meta":{},"tags":[]},{"ancestorTitles":["UpdateItemUseCase"],"fullName":"UpdateItemUseCase should return NotAllowedError when tipo does not match existing item","status":"passed","title":"should return NotAllowedError when tipo does not match existing item","duration":1.231055000000083,"failureMessages":[],"meta":{},"tags":[]},{"ancestorTitles":["UpdateItemUseCase"],"fullName":"UpdateItemUseCase should recalculate item level from linked powers on update","status":"passed","title":"should recalculate item level from linked powers on update","duration":4.2465310000000045,"failureMessages":[],"meta":{},"tags":[]}],"startTime":1781878829780,"endTime":1781878829805.2466,"status":"passed","message":"","name":"/home/gabe/Repositorios/Aetherium/apps/api/src/domain/item-manager/application/use-cases/update-item.spec.ts"},{"assertionResults":[{"ancestorTitles":["CalculatePowerCostUseCase"],"fullName":"CalculatePowerCostUseCase should calculate cost for a simple effect without modifications","status":"passed","title":"should calculate cost for a simple effect without modifications","duration":5.136333000000036,"failureMessages":[],"meta":{},"tags":[]},{"ancestorTitles":["CalculatePowerCostUseCase"],"fullName":"CalculatePowerCostUseCase should calculate cost with extra modification","status":"passed","title":"should calculate cost with extra modification","duration":1.0182419999999865,"failureMessages":[],"meta":{},"tags":[]},{"ancestorTitles":["CalculatePowerCostUseCase"],"fullName":"CalculatePowerCostUseCase should calculate cost with falha modification (reducing cost)","status":"failed","title":"should calculate cost with falha modification (reducing cost)","duration":9.919259000000011,"failureMessages":["AssertionError: expected 10 to be +0 // Object.is equality\n    at /home/gabe/Repositorios/Aetherium/apps/api/src/domain/power-manager/application/use-cases/calculate-power-cost.spec.ts:148:43\n    at processTicksAndRejections (node:internal/process/task_queues:105:5)\n    at file:///home/gabe/Repositorios/Aetherium/node_modules/.pnpm/@vitest+runner@4.1.9/node_modules/@vitest/runner/dist/chunk-artifact.js:1903:20"],"meta":{},"tags":[]},{"ancestorTitles":["CalculatePowerCostUseCase"],"fullName":"CalculatePowerCostUseCase should calculate cost for multiple effects","status":"failed","title":"should calculate cost for multiple effects","duration":1.9195680000000266,"failureMessages":["AssertionError: expected 6 to be 8 // Object.is equality\n    at /home/gabe/Repositorios/Aetherium/apps/api/src/domain/power-manager/application/use-cases/calculate-power-cost.spec.ts:194:47\n    at processTicksAndRejections (node:internal/process/task_queues:105:5)\n    at file:///home/gabe/Repositorios/Aetherium/node_modules/.pnpm/@vitest+runner@4.1.9/node_modules/@vitest/runner/dist/chunk-artifact.js:1903:20"],"meta":{},"tags":[]},{"ancestorTitles":["CalculatePowerCostUseCase"],"fullName":"CalculatePowerCostUseCase should return error if effect base not found","status":"passed","title":"should return error if effect base not found","duration":0.6561060000000225,"failureMessages":[],"meta":{},"tags":[]},{"ancestorTitles":["CalculatePowerCostUseCase"],"fullName":"CalculatePowerCostUseCase should return error if modification base not found","status":"passed","title":"should return error if modification base not found","duration":0.5251509999999371,"failureMessages":[],"meta":{},"tags":[]},{"ancestorTitles":["CalculatePowerCostUseCase"],"fullName":"CalculatePowerCostUseCase should calculate cost with global modifications","status":"passed","title":"should calculate cost with global modifications","duration":0.8305740000000696,"failureMessages":[],"meta":{},"tags":[]}],"startTime":1781878827151,"endTime":1781878827170.8306,"status":"failed","message":"","name":"/home/gabe/Repositorios/Aetherium/apps/api/src/domain/power-manager/application/use-cases/calculate-power-cost.spec.ts"},{"assertionResults":[{"ancestorTitles":["CopyPublicPeculiarityUseCase"],"fullName":"CopyPublicPeculiarityUseCase should copy a public peculiarity for a user","status":"passed","title":"should copy a public peculiarity for a user","duration":4.661330000000021,"failureMessages":[],"meta":{},"tags":[]},{"ancestorTitles":["CopyPublicPeculiarityUseCase"],"fullName":"CopyPublicPeculiarityUseCase should persist the copied peculiarity in the repository","status":"passed","title":"should persist the copied peculiarity in the repository","duration":0.9864639999999554,"failureMessages":[],"meta":{},"tags":[]},{"ancestorTitles":["CopyPublicPeculiarityUseCase"],"fullName":"CopyPublicPeculiarityUseCase should return ResourceNotFoundError if peculiarity does not exist","status":"passed","title":"should return ResourceNotFoundError if peculiarity does not exist","duration":0.6751039999999193,"failureMessages":[],"meta":{},"tags":[]},{"ancestorTitles":["CopyPublicPeculiarityUseCase"],"fullName":"CopyPublicPeculiarityUseCase should return NotAllowedError when trying to copy a private peculiarity","status":"passed","title":"should return NotAllowedError when trying to copy a private peculiarity","duration":0.5878699999999526,"failureMessages":[],"meta":{},"tags":[]}],"startTime":1781878830006,"endTime":1781878830012.588,"status":"passed","message":"","name":"/home/gabe/Repositorios/Aetherium/apps/api/src/domain/power-manager/application/use-cases/copy-public-peculiarity.spec.ts"},{"assertionResults":[{"ancestorTitles":["CopyPublicPowerArrayUseCase"],"fullName":"CopyPublicPowerArrayUseCase should copy a public power array with all its powers for a user","status":"passed","title":"should copy a public power array with all its powers for a user","duration":8.687715000000026,"failureMessages":[],"meta":{},"tags":[]},{"ancestorTitles":["CopyPublicPowerArrayUseCase"],"fullName":"CopyPublicPowerArrayUseCase should persist copied powers in the powers repository","status":"passed","title":"should persist copied powers in the powers repository","duration":0.9690029999999297,"failureMessages":[],"meta":{},"tags":[]},{"ancestorTitles":["CopyPublicPowerArrayUseCase"],"fullName":"CopyPublicPowerArrayUseCase should preserve nome, descricao and dominio in the copied array","status":"passed","title":"should preserve nome, descricao and dominio in the copied array","duration":0.8444739999999911,"failureMessages":[],"meta":{},"tags":[]},{"ancestorTitles":["CopyPublicPowerArrayUseCase"],"fullName":"CopyPublicPowerArrayUseCase should return ResourceNotFoundError if power array does not exist","status":"passed","title":"should return ResourceNotFoundError if power array does not exist","duration":0.9394600000000537,"failureMessages":[],"meta":{},"tags":[]},{"ancestorTitles":["CopyPublicPowerArrayUseCase"],"fullName":"CopyPublicPowerArrayUseCase should return NotAllowedError when trying to copy a private power array","status":"passed","title":"should return NotAllowedError when trying to copy a private power array","duration":0.9937979999999698,"failureMessages":[],"meta":{},"tags":[]}],"startTime":1781878827849,"endTime":1781878827861.994,"status":"passed","message":"","name":"/home/gabe/Repositorios/Aetherium/apps/api/src/domain/power-manager/application/use-cases/copy-public-power-array.spec.ts"},{"assertionResults":[{"ancestorTitles":["CopyPublicPowerUseCase"],"fullName":"CopyPublicPowerUseCase should copy a public power for a user","status":"passed","title":"should copy a public power for a user","duration":5.196746999999959,"failureMessages":[],"meta":{},"tags":[]},{"ancestorTitles":["CopyPublicPowerUseCase"],"fullName":"CopyPublicPowerUseCase should copy an official power for a user","status":"passed","title":"should copy an official power for a user","duration":1.1422840000000178,"failureMessages":[],"meta":{},"tags":[]},{"ancestorTitles":["CopyPublicPowerUseCase"],"fullName":"CopyPublicPowerUseCase should return ResourceNotFoundError if power does not exist","status":"passed","title":"should return ResourceNotFoundError if power does not exist","duration":0.7262979999999288,"failureMessages":[],"meta":{},"tags":[]},{"ancestorTitles":["CopyPublicPowerUseCase"],"fullName":"CopyPublicPowerUseCase should return NotAllowedError when trying to copy a private power","status":"passed","title":"should return NotAllowedError when trying to copy a private power","duration":3.1028499999999894,"failureMessages":[],"meta":{},"tags":[]},{"ancestorTitles":["CopyPublicPowerUseCase"],"fullName":"CopyPublicPowerUseCase should preserve all data from the original power in the copy","status":"passed","title":"should preserve all data from the original power in the copy","duration":2.349032999999963,"failureMessages":[],"meta":{},"tags":[]}],"startTime":1781878827901,"endTime":1781878827914.349,"status":"passed","message":"","name":"/home/gabe/Repositorios/Aetherium/apps/api/src/domain/power-manager/application/use-cases/copy-public-power.spec.ts"},{"assertionResults":[{"ancestorTitles":["CreatePeculiarityUseCase"],"fullName":"CreatePeculiarityUseCase should create a peculiarity","status":"passed","title":"should create a peculiarity","duration":4.486093000000096,"failureMessages":[],"meta":{},"tags":[]},{"ancestorTitles":["CreatePeculiarityUseCase"],"fullName":"CreatePeculiarityUseCase should create a non-spiritual peculiarity","status":"passed","title":"should create a non-spiritual peculiarity","duration":0.6209749999999303,"failureMessages":[],"meta":{},"tags":[]},{"ancestorTitles":["CreatePeculiarityUseCase"],"fullName":"CreatePeculiarityUseCase should fail if name is too short","status":"passed","title":"should fail if name is too short","duration":1.6422910000000002,"failureMessages":[],"meta":{},"tags":[]},{"ancestorTitles":["CreatePeculiarityUseCase"],"fullName":"CreatePeculiarityUseCase should fail if description is too short","status":"passed","title":"should fail if description is too short","duration":0.7742110000000366,"failureMessages":[],"meta":{},"tags":[]}],"startTime":1781878829109,"endTime":1781878829116.7742,"status":"passed","message":"","name":"/home/gabe/Repositorios/Aetherium/apps/api/src/domain/power-manager/application/use-cases/create-peculiarity.spec.ts"},{"assertionResults":[{"ancestorTitles":["CreatePowerArrayUseCase"],"fullName":"CreatePowerArrayUseCase should create a power array with multiple powers","status":"passed","title":"should create a power array with multiple powers","duration":7.6493580000000065,"failureMessages":[],"meta":{},"tags":[]},{"ancestorTitles":["CreatePowerArrayUseCase"],"fullName":"CreatePowerArrayUseCase should create a power array with specific type","status":"passed","title":"should create a power array with specific type","duration":1.0002240000000029,"failureMessages":[],"meta":{},"tags":[]},{"ancestorTitles":["CreatePowerArrayUseCase"],"fullName":"CreatePowerArrayUseCase should create a power array with base parameters","status":"passed","title":"should create a power array with base parameters","duration":1.052675000000022,"failureMessages":[],"meta":{},"tags":[]},{"ancestorTitles":["CreatePowerArrayUseCase"],"fullName":"CreatePowerArrayUseCase should return error if power not found","status":"passed","title":"should return error if power not found","duration":0.564612000000011,"failureMessages":[],"meta":{},"tags":[]},{"ancestorTitles":["CreatePowerArrayUseCase"],"fullName":"CreatePowerArrayUseCase should return error if any power in the list is not found","status":"passed","title":"should return error if any power in the list is not found","duration":0.8078749999999673,"failureMessages":[],"meta":{},"tags":[]},{"ancestorTitles":["CreatePowerArrayUseCase"],"fullName":"CreatePowerArrayUseCase should create a public power array and automatically publish private powers","status":"passed","title":"should create a public power array and automatically publish private powers","duration":1.6585639999999557,"failureMessages":[],"meta":{},"tags":[]},{"ancestorTitles":["CreatePowerArrayUseCase"],"fullName":"CreatePowerArrayUseCase should create a public power array with public and official powers","status":"passed","title":"should create a public power array with public and official powers","duration":0.8837940000000799,"failureMessages":[],"meta":{},"tags":[]}],"startTime":1781878828065,"endTime":1781878828078.8838,"status":"passed","message":"","name":"/home/gabe/Repositorios/Aetherium/apps/api/src/domain/power-manager/application/use-cases/create-power-array.spec.ts"},{"assertionResults":[{"ancestorTitles":["CreatePowerUseCase"],"fullName":"CreatePowerUseCase should create a simple power without modifications","status":"passed","title":"should create a simple power without modifications","duration":8.33584499999995,"failureMessages":[],"meta":{},"tags":[]},{"ancestorTitles":["CreatePowerUseCase"],"fullName":"CreatePowerUseCase should create a power with global modifications","status":"passed","title":"should create a power with global modifications","duration":1.3995159999999487,"failureMessages":[],"meta":{},"tags":[]},{"ancestorTitles":["CreatePowerUseCase"],"fullName":"CreatePowerUseCase should create a power with alternative cost","status":"passed","title":"should create a power with alternative cost","duration":1.111344000000031,"failureMessages":[],"meta":{},"tags":[]},{"ancestorTitles":["CreatePowerUseCase"],"fullName":"CreatePowerUseCase should return error if effect base not found","status":"passed","title":"should return error if effect base not found","duration":0.7358669999999847,"failureMessages":[],"meta":{},"tags":[]},{"ancestorTitles":["CreatePowerUseCase"],"fullName":"CreatePowerUseCase should return error if modification base not found","status":"passed","title":"should return error if modification base not found","duration":0.6484229999999798,"failureMessages":[],"meta":{},"tags":[]}],"startTime":1781878827217,"endTime":1781878827229.6484,"status":"passed","message":"","name":"/home/gabe/Repositorios/Aetherium/apps/api/src/domain/power-manager/application/use-cases/create-power.spec.ts"},{"assertionResults":[{"ancestorTitles":["DeletePeculiarityUseCase"],"fullName":"DeletePeculiarityUseCase should delete a peculiarity","status":"passed","title":"should delete a peculiarity","duration":2.424184999999966,"failureMessages":[],"meta":{},"tags":[]},{"ancestorTitles":["DeletePeculiarityUseCase"],"fullName":"DeletePeculiarityUseCase should return error if peculiarity not found","status":"passed","title":"should return error if peculiarity not found","duration":0.3965689999999995,"failureMessages":[],"meta":{},"tags":[]}],"startTime":1781878831106,"endTime":1781878831109.3965,"status":"passed","message":"","name":"/home/gabe/Repositorios/Aetherium/apps/api/src/domain/power-manager/application/use-cases/delete-peculiarity.spec.ts"},{"assertionResults":[{"ancestorTitles":["DeletePowerArrayUseCase"],"fullName":"DeletePowerArrayUseCase should delete a power array","status":"passed","title":"should delete a power array","duration":4.835726999999906,"failureMessages":[],"meta":{},"tags":[]},{"ancestorTitles":["DeletePowerArrayUseCase"],"fullName":"DeletePowerArrayUseCase should return error if power array not found","status":"passed","title":"should return error if power array not found","duration":0.9225579999999809,"failureMessages":[],"meta":{},"tags":[]},{"ancestorTitles":["DeletePowerArrayUseCase"],"fullName":"DeletePowerArrayUseCase should reject delete when power array is linked to an item","status":"passed","title":"should reject delete when power array is linked to an item","duration":0.7536079999999856,"failureMessages":[],"meta":{},"tags":[]}],"startTime":1781878827257,"endTime":1781878827263.7537,"status":"passed","message":"","name":"/home/gabe/Repositorios/Aetherium/apps/api/src/domain/power-manager/application/use-cases/delete-power-array.spec.ts"},{"assertionResults":[{"ancestorTitles":["DeletePowerUseCase"],"fullName":"DeletePowerUseCase should delete an existing power","status":"passed","title":"should delete an existing power","duration":7.898417999999992,"failureMessages":[],"meta":{},"tags":[]},{"ancestorTitles":["DeletePowerUseCase"],"fullName":"DeletePowerUseCase should return error if power does not exist","status":"passed","title":"should return error if power does not exist","duration":0.7659689999999273,"failureMessages":[],"meta":{},"tags":[]},{"ancestorTitles":["DeletePowerUseCase"],"fullName":"DeletePowerUseCase should not affect other powers when deleting","status":"passed","title":"should not affect other powers when deleting","duration":1.5213929999999891,"failureMessages":[],"meta":{},"tags":[]},{"ancestorTitles":["DeletePowerUseCase"],"fullName":"DeletePowerUseCase should reject delete when power is linked to an item","status":"passed","title":"should reject delete when power is linked to an item","duration":1.2831579999999576,"failureMessages":[],"meta":{},"tags":[]},{"ancestorTitles":["DeletePowerUseCase"],"fullName":"DeletePowerUseCase should reject delete when linked array would become empty","status":"passed","title":"should reject delete when linked array would become empty","duration":1.458603999999923,"failureMessages":[],"meta":{},"tags":[]}],"startTime":1781878827997,"endTime":1781878828010.4585,"status":"passed","message":"","name":"/home/gabe/Repositorios/Aetherium/apps/api/src/domain/power-manager/application/use-cases/delete-power.spec.ts"},{"assertionResults":[{"ancestorTitles":["Fetch Character Power Arrays"],"fullName":"Fetch Character Power Arrays should be able to fetch power arrays for a specific character","status":"passed","title":"should be able to fetch power arrays for a specific character","duration":6.663801000000035,"failureMessages":[],"meta":{},"tags":[]}],"startTime":1781878828104,"endTime":1781878828110.6638,"status":"passed","message":"","name":"/home/gabe/Repositorios/Aetherium/apps/api/src/domain/power-manager/application/use-cases/fetch-character-power-arrays.spec.ts"},{"assertionResults":[{"ancestorTitles":["Fetch Character Powers"],"fullName":"Fetch Character Powers should be able to fetch powers for a specific character","status":"passed","title":"should be able to fetch powers for a specific character","duration":8.414838000000032,"failureMessages":[],"meta":{},"tags":[]}],"startTime":1781878830136,"endTime":1781878830144.4148,"status":"passed","message":"","name":"/home/gabe/Repositorios/Aetherium/apps/api/src/domain/power-manager/application/use-cases/fetch-character-powers.spec.ts"},{"assertionResults":[{"ancestorTitles":["FetchEffectsUseCase"],"fullName":"FetchEffectsUseCase should fetch all effects","status":"passed","title":"should fetch all effects","duration":5.243891000000076,"failureMessages":[],"meta":{},"tags":[]},{"ancestorTitles":["FetchEffectsUseCase"],"fullName":"FetchEffectsUseCase should fetch effects by category","status":"passed","title":"should fetch effects by category","duration":1.0823589999999967,"failureMessages":[],"meta":{},"tags":[]},{"ancestorTitles":["FetchEffectsUseCase"],"fullName":"FetchEffectsUseCase should return empty array when no effects exist","status":"passed","title":"should return empty array when no effects exist","duration":0.7049269999999979,"failureMessages":[],"meta":{},"tags":[]}],"startTime":1781878830715,"endTime":1781878830722.7048,"status":"passed","message":"","name":"/home/gabe/Repositorios/Aetherium/apps/api/src/domain/power-manager/application/use-cases/fetch-effects.spec.ts"},{"assertionResults":[{"ancestorTitles":["FetchModificationsUseCase"],"fullName":"FetchModificationsUseCase should fetch all modifications","status":"passed","title":"should fetch all modifications","duration":4.924149000000057,"failureMessages":[],"meta":{},"tags":[]},{"ancestorTitles":["FetchModificationsUseCase"],"fullName":"FetchModificationsUseCase should fetch modifications by type","status":"passed","title":"should fetch modifications by type","duration":1.0023189999999431,"failureMessages":[],"meta":{},"tags":[]},{"ancestorTitles":["FetchModificationsUseCase"],"fullName":"FetchModificationsUseCase should fetch modifications by category","status":"passed","title":"should fetch modifications by category","duration":0.7955829999999651,"failureMessages":[],"meta":{},"tags":[]},{"ancestorTitles":["FetchModificationsUseCase"],"fullName":"FetchModificationsUseCase should return empty array when no modifications exist","status":"passed","title":"should return empty array when no modifications exist","duration":0.6664430000000721,"failureMessages":[],"meta":{},"tags":[]}],"startTime":1781878829352,"endTime":1781878829359.6665,"status":"passed","message":"","name":"/home/gabe/Repositorios/Aetherium/apps/api/src/domain/power-manager/application/use-cases/fetch-modifications.spec.ts"},{"assertionResults":[{"ancestorTitles":["FetchPublicPeculiaritiesUseCase"],"fullName":"FetchPublicPeculiaritiesUseCase should fetch only public peculiarities","status":"passed","title":"should fetch only public peculiarities","duration":6.294751000000019,"failureMessages":[],"meta":{},"tags":[]},{"ancestorTitles":["FetchPublicPeculiaritiesUseCase"],"fullName":"FetchPublicPeculiaritiesUseCase should return empty array when no public peculiarities exist","status":"passed","title":"should return empty array when no public peculiarities exist","duration":1.046528999999964,"failureMessages":[],"meta":{},"tags":[]},{"ancestorTitles":["FetchPublicPeculiaritiesUseCase"],"fullName":"FetchPublicPeculiaritiesUseCase should return empty array when no peculiarities exist","status":"passed","title":"should return empty array when no peculiarities exist","duration":0.6690970000000789,"failureMessages":[],"meta":{},"tags":[]},{"ancestorTitles":["FetchPublicPeculiaritiesUseCase"],"fullName":"FetchPublicPeculiaritiesUseCase should paginate results (20 per page)","status":"passed","title":"should paginate results (20 per page)","duration":1.376119000000017,"failureMessages":[],"meta":{},"tags":[]}],"startTime":1781878828696,"endTime":1781878828705.3762,"status":"passed","message":"","name":"/home/gabe/Repositorios/Aetherium/apps/api/src/domain/power-manager/application/use-cases/fetch-public-peculiarities.spec.ts"},{"assertionResults":[{"ancestorTitles":["FetchPowerArraysUseCase"],"fullName":"FetchPowerArraysUseCase should fetch power arrays","status":"passed","title":"should fetch power arrays","duration":9.369943000000035,"failureMessages":[],"meta":{},"tags":[]},{"ancestorTitles":["FetchPowerArraysUseCase"],"fullName":"FetchPowerArraysUseCase should paginate power arrays","status":"passed","title":"should paginate power arrays","duration":4.168656000000055,"failureMessages":[],"meta":{},"tags":[]}],"startTime":1781878828497,"endTime":1781878828511.1687,"status":"passed","message":"","name":"/home/gabe/Repositorios/Aetherium/apps/api/src/domain/power-manager/application/use-cases/fetch-public-power-arrays.spec.ts"},{"assertionResults":[{"ancestorTitles":["FetchPowersUseCase"],"fullName":"FetchPowersUseCase should fetch all powers","status":"passed","title":"should fetch all powers","duration":8.339686999999913,"failureMessages":[],"meta":{},"tags":[]},{"ancestorTitles":["FetchPowersUseCase"],"fullName":"FetchPowersUseCase should return empty array when no powers exist","status":"passed","title":"should return empty array when no powers exist","duration":0.8143010000000004,"failureMessages":[],"meta":{},"tags":[]},{"ancestorTitles":["FetchPowersUseCase"],"fullName":"FetchPowersUseCase should paginate results (20 per page)","status":"passed","title":"should paginate results (20 per page)","duration":2.2840099999999666,"failureMessages":[],"meta":{},"tags":[]}],"startTime":1781878829168,"endTime":1781878829179.284,"status":"passed","message":"","name":"/home/gabe/Repositorios/Aetherium/apps/api/src/domain/power-manager/application/use-cases/fetch-public-powers.spec.ts"},{"assertionResults":[{"ancestorTitles":["FetchUserPeculiaritiesUseCase"],"fullName":"FetchUserPeculiaritiesUseCase should fetch user peculiarities","status":"passed","title":"should fetch user peculiarities","duration":5.083530999999994,"failureMessages":[],"meta":{},"tags":[]},{"ancestorTitles":["FetchUserPeculiaritiesUseCase"],"fullName":"FetchUserPeculiaritiesUseCase should return empty array when user has no peculiarities","status":"passed","title":"should return empty array when user has no peculiarities","duration":0.6029559999999492,"failureMessages":[],"meta":{},"tags":[]},{"ancestorTitles":["FetchUserPeculiaritiesUseCase"],"fullName":"FetchUserPeculiaritiesUseCase should paginate peculiarities","status":"passed","title":"should paginate peculiarities","duration":1.197041000000013,"failureMessages":[],"meta":{},"tags":[]}],"startTime":1781878829972,"endTime":1781878829979.197,"status":"passed","message":"","name":"/home/gabe/Repositorios/Aetherium/apps/api/src/domain/power-manager/application/use-cases/fetch-user-peculiarities.spec.ts"},{"assertionResults":[{"ancestorTitles":["FetchUserPowerArraysUseCase"],"fullName":"FetchUserPowerArraysUseCase should fetch only the power arrays belonging to the given user","status":"passed","title":"should fetch only the power arrays belonging to the given user","duration":6.583900999999969,"failureMessages":[],"meta":{},"tags":[]},{"ancestorTitles":["FetchUserPowerArraysUseCase"],"fullName":"FetchUserPowerArraysUseCase should return private and public arrays of the user (no filter by visibility)","status":"passed","title":"should return private and public arrays of the user (no filter by visibility)","duration":1.1605829999999742,"failureMessages":[],"meta":{},"tags":[]},{"ancestorTitles":["FetchUserPowerArraysUseCase"],"fullName":"FetchUserPowerArraysUseCase should return empty array when user has no power arrays","status":"passed","title":"should return empty array when user has no power arrays","duration":0.733143000000041,"failureMessages":[],"meta":{},"tags":[]},{"ancestorTitles":["FetchUserPowerArraysUseCase"],"fullName":"FetchUserPowerArraysUseCase should paginate — page 1 returns up to 20 items","status":"passed","title":"should paginate — page 1 returns up to 20 items","duration":2.065260999999964,"failureMessages":[],"meta":{},"tags":[]},{"ancestorTitles":["FetchUserPowerArraysUseCase"],"fullName":"FetchUserPowerArraysUseCase should paginate — page 2 returns the remaining items","status":"passed","title":"should paginate — page 2 returns the remaining items","duration":1.5975219999999126,"failureMessages":[],"meta":{},"tags":[]}],"startTime":1781878828729,"endTime":1781878828741.5974,"status":"passed","message":"","name":"/home/gabe/Repositorios/Aetherium/apps/api/src/domain/power-manager/application/use-cases/fetch-user-power-arrays.spec.ts"},{"assertionResults":[{"ancestorTitles":["FetchUserPowersUseCase"],"fullName":"FetchUserPowersUseCase should fetch only the powers belonging to the given user","status":"passed","title":"should fetch only the powers belonging to the given user","duration":5.799842000000012,"failureMessages":[],"meta":{},"tags":[]},{"ancestorTitles":["FetchUserPowersUseCase"],"fullName":"FetchUserPowersUseCase should return private and public powers of the user (no filter by visibility)","status":"passed","title":"should return private and public powers of the user (no filter by visibility)","duration":1.0245289999999159,"failureMessages":[],"meta":{},"tags":[]},{"ancestorTitles":["FetchUserPowersUseCase"],"fullName":"FetchUserPowersUseCase should return empty array when user has no powers","status":"passed","title":"should return empty array when user has no powers","duration":0.6853009999999813,"failureMessages":[],"meta":{},"tags":[]},{"ancestorTitles":["FetchUserPowersUseCase"],"fullName":"FetchUserPowersUseCase should paginate — page 1 returns up to 20 items","status":"passed","title":"should paginate — page 1 returns up to 20 items","duration":1.705917999999997,"failureMessages":[],"meta":{},"tags":[]},{"ancestorTitles":["FetchUserPowersUseCase"],"fullName":"FetchUserPowersUseCase should paginate — page 2 returns the remaining items","status":"passed","title":"should paginate — page 2 returns the remaining items","duration":1.2198799999999892,"failureMessages":[],"meta":{},"tags":[]}],"startTime":1781878827180,"endTime":1781878827190.22,"status":"passed","message":"","name":"/home/gabe/Repositorios/Aetherium/apps/api/src/domain/power-manager/application/use-cases/fetch-user-powers.spec.ts"},{"assertionResults":[{"ancestorTitles":["GetPeculiarityByIdUseCase"],"fullName":"GetPeculiarityByIdUseCase should get peculiarity by id","status":"passed","title":"should get peculiarity by id","duration":3.864977999999951,"failureMessages":[],"meta":{},"tags":[]},{"ancestorTitles":["GetPeculiarityByIdUseCase"],"fullName":"GetPeculiarityByIdUseCase should return error if peculiarity not found","status":"passed","title":"should return error if peculiarity not found","duration":0.6808999999999514,"failureMessages":[],"meta":{},"tags":[]}],"startTime":1781878830751,"endTime":1781878830755.681,"status":"passed","message":"","name":"/home/gabe/Repositorios/Aetherium/apps/api/src/domain/power-manager/application/use-cases/get-peculiarity-by-id.spec.ts"},{"assertionResults":[{"ancestorTitles":["GetPowerArrayByIdUseCase"],"fullName":"GetPowerArrayByIdUseCase should get power array by id","status":"passed","title":"should get power array by id","duration":6.853774000000044,"failureMessages":[],"meta":{},"tags":[]},{"ancestorTitles":["GetPowerArrayByIdUseCase"],"fullName":"GetPowerArrayByIdUseCase should return error if power array not found","status":"passed","title":"should return error if power array not found","duration":0.8050120000000334,"failureMessages":[],"meta":{},"tags":[]}],"startTime":1781878830540,"endTime":1781878830547.805,"status":"passed","message":"","name":"/home/gabe/Repositorios/Aetherium/apps/api/src/domain/power-manager/application/use-cases/get-power-array-by-id.spec.ts"},{"assertionResults":[{"ancestorTitles":["GetPowerByIdUseCase"],"fullName":"GetPowerByIdUseCase should get a power by id","status":"passed","title":"should get a power by id","duration":5.859767999999917,"failureMessages":[],"meta":{},"tags":[]},{"ancestorTitles":["GetPowerByIdUseCase"],"fullName":"GetPowerByIdUseCase should return error if power does not exist","status":"passed","title":"should return error if power does not exist","duration":0.7392899999999827,"failureMessages":[],"meta":{},"tags":[]},{"ancestorTitles":["GetPowerByIdUseCase"],"fullName":"GetPowerByIdUseCase should get the correct power when multiple powers exist","status":"passed","title":"should get the correct power when multiple powers exist","duration":2.3620240000000194,"failureMessages":[],"meta":{},"tags":[]}],"startTime":1781878830777,"endTime":1781878830786.362,"status":"passed","message":"","name":"/home/gabe/Repositorios/Aetherium/apps/api/src/domain/power-manager/application/use-cases/get-power-by-id.spec.ts"},{"assertionResults":[{"ancestorTitles":["UpdatePeculiarityUseCase"],"fullName":"UpdatePeculiarityUseCase should update peculiarity name","status":"passed","title":"should update peculiarity name","duration":4.300171000000091,"failureMessages":[],"meta":{},"tags":[]},{"ancestorTitles":["UpdatePeculiarityUseCase"],"fullName":"UpdatePeculiarityUseCase should update peculiarity espiritual status","status":"passed","title":"should update peculiarity espiritual status","duration":0.7921599999999671,"failureMessages":[],"meta":{},"tags":[]},{"ancestorTitles":["UpdatePeculiarityUseCase"],"fullName":"UpdatePeculiarityUseCase should return error if peculiarity not found","status":"passed","title":"should return error if peculiarity not found","duration":0.5912920000000668,"failureMessages":[],"meta":{},"tags":[]}],"startTime":1781878830642,"endTime":1781878830647.5913,"status":"passed","message":"","name":"/home/gabe/Repositorios/Aetherium/apps/api/src/domain/power-manager/application/use-cases/update-peculiarity.spec.ts"},{"assertionResults":[{"ancestorTitles":["UpdatePowerArrayUseCase"],"fullName":"UpdatePowerArrayUseCase should update power array name","status":"passed","title":"should update power array name","duration":10.618319000000042,"failureMessages":[],"meta":{},"tags":[]},{"ancestorTitles":["UpdatePowerArrayUseCase"],"fullName":"UpdatePowerArrayUseCase should update power array description and type","status":"passed","title":"should update power array description and type","duration":2.8370969999999716,"failureMessages":[],"meta":{},"tags":[]},{"ancestorTitles":["UpdatePowerArrayUseCase"],"fullName":"UpdatePowerArrayUseCase should update powers and recalculate cost","status":"passed","title":"should update powers and recalculate cost","duration":2.747000000000071,"failureMessages":[],"meta":{},"tags":[]},{"ancestorTitles":["UpdatePowerArrayUseCase"],"fullName":"UpdatePowerArrayUseCase should update base parameters","status":"passed","title":"should update base parameters","duration":3.5562019999999848,"failureMessages":[],"meta":{},"tags":[]},{"ancestorTitles":["UpdatePowerArrayUseCase"],"fullName":"UpdatePowerArrayUseCase should return error if power array not found","status":"passed","title":"should return error if power array not found","duration":0.671750999999972,"failureMessages":[],"meta":{},"tags":[]},{"ancestorTitles":["UpdatePowerArrayUseCase"],"fullName":"UpdatePowerArrayUseCase should return error if power not found when updating powers","status":"passed","title":"should return error if power not found when updating powers","duration":2.715779999999995,"failureMessages":[],"meta":{},"tags":[]},{"ancestorTitles":["UpdatePowerArrayUseCase"],"fullName":"UpdatePowerArrayUseCase should reject domain change when power array is linked to items","status":"passed","title":"should reject domain change when power array is linked to items","duration":1.4683820000000196,"failureMessages":[],"meta":{},"tags":[]}],"startTime":1781878828624,"endTime":1781878828649.4683,"status":"passed","message":"","name":"/home/gabe/Repositorios/Aetherium/apps/api/src/domain/power-manager/application/use-cases/update-power-array.spec.ts"},{"assertionResults":[{"ancestorTitles":["UpdatePowerUseCase"],"fullName":"UpdatePowerUseCase should update power name","status":"passed","title":"should update power name","duration":5.417520999999965,"failureMessages":[],"meta":{},"tags":[]},{"ancestorTitles":["UpdatePowerUseCase"],"fullName":"UpdatePowerUseCase should update power description and parameters","status":"passed","title":"should update power description and parameters","duration":2.4180390000000216,"failureMessages":[],"meta":{},"tags":[]},{"ancestorTitles":["UpdatePowerUseCase"],"fullName":"UpdatePowerUseCase should update effects and recalculate cost","status":"passed","title":"should update effects and recalculate cost","duration":2.0501749999999674,"failureMessages":[],"meta":{},"tags":[]},{"ancestorTitles":["UpdatePowerUseCase"],"fullName":"UpdatePowerUseCase should update global modifications and recalculate cost","status":"passed","title":"should update global modifications and recalculate cost","duration":1.6020610000000488,"failureMessages":[],"meta":{},"tags":[]},{"ancestorTitles":["UpdatePowerUseCase"],"fullName":"UpdatePowerUseCase should update alternative cost","status":"passed","title":"should update alternative cost","duration":0.9413460000000669,"failureMessages":[],"meta":{},"tags":[]},{"ancestorTitles":["UpdatePowerUseCase"],"fullName":"UpdatePowerUseCase should return error if power not found","status":"passed","title":"should return error if power not found","duration":0.42003699999997934,"failureMessages":[],"meta":{},"tags":[]},{"ancestorTitles":["UpdatePowerUseCase"],"fullName":"UpdatePowerUseCase should return error if effect base not found when updating effects","status":"passed","title":"should return error if effect base not found when updating effects","duration":0.7201520000000983,"failureMessages":[],"meta":{},"tags":[]},{"ancestorTitles":["UpdatePowerUseCase"],"fullName":"UpdatePowerUseCase should make a private power public","status":"passed","title":"should make a private power public","duration":1.2798060000000078,"failureMessages":[],"meta":{},"tags":[]},{"ancestorTitles":["UpdatePowerUseCase"],"fullName":"UpdatePowerUseCase should make a public power private","status":"passed","title":"should make a public power private","duration":1.2402049999999463,"failureMessages":[],"meta":{},"tags":[]},{"ancestorTitles":["UpdatePowerUseCase"],"fullName":"UpdatePowerUseCase should make power public and automatically publish referenced private peculiarity","status":"passed","title":"should make power public and automatically publish referenced private peculiarity","duration":1.452807000000007,"failureMessages":[],"meta":{},"tags":[]},{"ancestorTitles":["UpdatePowerUseCase"],"fullName":"UpdatePowerUseCase should make power public if it references a public peculiarity","status":"passed","title":"should make power public if it references a public peculiarity","duration":0.8488740000000234,"failureMessages":[],"meta":{},"tags":[]},{"ancestorTitles":["UpdatePowerUseCase"],"fullName":"UpdatePowerUseCase should reject domain change when power belongs to array with another domain","status":"passed","title":"should reject domain change when power belongs to array with another domain","duration":1.4738289999999097,"failureMessages":[],"meta":{},"tags":[]},{"ancestorTitles":["UpdatePowerUseCase"],"fullName":"UpdatePowerUseCase should reject domain change when power is linked to items","status":"passed","title":"should reject domain change when power is linked to items","duration":0.6812499999999773,"failureMessages":[],"meta":{},"tags":[]}],"startTime":1781878827257,"endTime":1781878827278.6812,"status":"passed","message":"","name":"/home/gabe/Repositorios/Aetherium/apps/api/src/domain/power-manager/application/use-cases/update-power.spec.ts"}]}
